\BOOKMARK [0][-]{chapter.1}{Introduction}{}% 1
\BOOKMARK [0][-]{chapter.2}{Muons and muography}{}% 2
\BOOKMARK [1][-]{section.2.1}{Particle physics and muons}{chapter.2}% 3
\BOOKMARK [1][-]{section.2.2}{Cosmic rays}{chapter.2}% 4
\BOOKMARK [1][-]{section.2.3}{Muons interaction with matter}{chapter.2}% 5
\BOOKMARK [2][-]{subsection.2.3.1}{Ionization process}{section.2.3}% 6
\BOOKMARK [2][-]{subsection.2.3.2}{Multiple scattering process}{section.2.3}% 7
\BOOKMARK [1][-]{section.2.4}{Muon tomography}{chapter.2}% 8
\BOOKMARK [1][-]{section.2.5}{Experimental setup}{chapter.2}% 9
\BOOKMARK [2][-]{subsection.2.5.1}{Muon detectors}{section.2.5}% 10
\BOOKMARK [2][-]{subsection.2.5.2}{Working setup}{section.2.5}% 11
\BOOKMARK [2][-]{subsection.2.5.3}{Data flow}{section.2.5}% 12
\BOOKMARK [0][-]{chapter.3}{Statistical parameters}{}% 13
\BOOKMARK [1][-]{section.3.1}{Probability density functions}{chapter.3}% 14
\BOOKMARK [1][-]{section.3.2}{Monte-Carlo simulations}{chapter.3}% 15
\BOOKMARK [1][-]{section.3.3}{p-values}{chapter.3}% 16
\BOOKMARK [1][-]{section.3.4}{Kernel density estimations}{chapter.3}% 17
\BOOKMARK [1][-]{section.3.5}{Likelihood}{chapter.3}% 18
\BOOKMARK [0][-]{chapter.4}{The algorithm}{}% 19
\BOOKMARK [1][-]{section.4.1}{PipeReconstructor}{chapter.4}% 20
\BOOKMARK [2][-]{subsection.4.1.1}{MuonState}{section.4.1}% 21
\BOOKMARK [2][-]{subsection.4.1.2}{Surfaces and volumes}{section.4.1}% 22
\BOOKMARK [2][-]{subsection.4.1.3}{Cylinders and pipes}{section.4.1}% 23
\BOOKMARK [2][-]{subsection.4.1.4}{Propagator}{section.4.1}% 24
\BOOKMARK [2][-]{subsection.4.1.5}{Likelihood}{section.4.1}% 25
\BOOKMARK [1][-]{section.4.2}{Generator}{chapter.4}% 26
\BOOKMARK [0][-]{chapter.5}{Results obtained}{}% 27
\BOOKMARK [1][-]{section.5.1}{Generator validation}{chapter.5}% 28
\BOOKMARK [1][-]{section.5.2}{General results}{chapter.5}% 29
\BOOKMARK [2][-]{subsection.5.2.1}{Pipe geometries impact}{section.5.2}% 30
\BOOKMARK [2][-]{subsection.5.2.2}{Kernel density functions}{section.5.2}% 31
\BOOKMARK [2][-]{subsection.5.2.3}{Likelihoods}{section.5.2}% 32
\BOOKMARK [0][-]{chapter.6}{Conclusions}{}% 33
\BOOKMARK [1][-]{section.6.1}{Suggested improvements}{chapter.6}% 34
\BOOKMARK [0][-]{section.6.1}{Bibliography}{}% 35
