This is pdfTeX, Version 3.14159265-2.6-1.40.18 (TeX Live 2017/Debian) (preloaded format=pdflatex 2020.6.21)  6 JUL 2020 08:53
entering extended mode
 restricted \write18 enabled.
 %&-line parsing enabled.
**muonSystems.tex
(./muonSystems.tex
LaTeX2e <2017-04-15>
Babel <3.18> and hyphenation patterns for 5 language(s) loaded.
(/usr/share/texlive/texmf-dist/tex/latex/base/report.cls
Document Class: report 2014/09/29 v1.4h Standard LaTeX document class
(/usr/share/texlive/texmf-dist/tex/latex/base/size11.clo
File: size11.clo 2014/09/29 v1.4h Standard LaTeX file (size option)
)
\c@part=\count79
\c@chapter=\count80
\c@section=\count81
\c@subsection=\count82
\c@subsubsection=\count83
\c@paragraph=\count84
\c@subparagraph=\count85
\c@figure=\count86
\c@table=\count87
\abovecaptionskip=\skip41
\belowcaptionskip=\skip42
\bibindent=\dimen102
)
(/usr/share/texlive/texmf-dist/tex/latex/geometry/geometry.sty
Package: geometry 2010/09/12 v5.6 Page Geometry

(/usr/share/texlive/texmf-dist/tex/latex/graphics/keyval.sty
Package: keyval 2014/10/28 v1.15 key=value parser (DPC)
\KV@toks@=\toks14
)
(/usr/share/texlive/texmf-dist/tex/generic/oberdiek/ifpdf.sty
Package: ifpdf 2017/03/15 v3.2 Provides the ifpdf switch
)
(/usr/share/texlive/texmf-dist/tex/generic/oberdiek/ifvtex.sty
Package: ifvtex 2016/05/16 v1.6 Detect VTeX and its facilities (HO)
Package ifvtex Info: VTeX not detected.
)
(/usr/share/texlive/texmf-dist/tex/generic/ifxetex/ifxetex.sty
Package: ifxetex 2010/09/12 v0.6 Provides ifxetex conditional
)
\Gm@cnth=\count88
\Gm@cntv=\count89
\c@Gm@tempcnt=\count90
\Gm@bindingoffset=\dimen103
\Gm@wd@mp=\dimen104
\Gm@odd@mp=\dimen105
\Gm@even@mp=\dimen106
\Gm@layoutwidth=\dimen107
\Gm@layoutheight=\dimen108
\Gm@layouthoffset=\dimen109
\Gm@layoutvoffset=\dimen110
\Gm@dimlist=\toks15
)
(/usr/share/texlive/texmf-dist/tex/latex/graphics/graphicx.sty
Package: graphicx 2017/06/01 v1.1a Enhanced LaTeX Graphics (DPC,SPQR)

(/usr/share/texlive/texmf-dist/tex/latex/graphics/graphics.sty
Package: graphics 2017/06/25 v1.2c Standard LaTeX Graphics (DPC,SPQR)

(/usr/share/texlive/texmf-dist/tex/latex/graphics/trig.sty
Package: trig 2016/01/03 v1.10 sin cos tan (DPC)
)
(/usr/share/texlive/texmf-dist/tex/latex/graphics-cfg/graphics.cfg
File: graphics.cfg 2016/06/04 v1.11 sample graphics configuration
)
Package graphics Info: Driver file: pdftex.def on input line 99.

(/usr/share/texlive/texmf-dist/tex/latex/graphics-def/pdftex.def
File: pdftex.def 2018/01/08 v1.0l Graphics/color driver for pdftex
))
\Gin@req@height=\dimen111
\Gin@req@width=\dimen112
)
(/usr/share/texlive/texmf-dist/tex/latex/booktabs/booktabs.sty
Package: booktabs 2016/04/27 v1.618033 publication quality tables
\heavyrulewidth=\dimen113
\lightrulewidth=\dimen114
\cmidrulewidth=\dimen115
\belowrulesep=\dimen116
\belowbottomsep=\dimen117
\aboverulesep=\dimen118
\abovetopsep=\dimen119
\cmidrulesep=\dimen120
\cmidrulekern=\dimen121
\defaultaddspace=\dimen122
\@cmidla=\count91
\@cmidlb=\count92
\@aboverulesep=\dimen123
\@belowrulesep=\dimen124
\@thisruleclass=\count93
\@lastruleclass=\count94
\@thisrulewidth=\dimen125
)
(/usr/share/texlive/texmf-dist/tex/latex/url/url.sty
\Urlmuskip=\muskip10
Package: url 2013/09/16  ver 3.4  Verb mode for urls, etc.
)
(/usr/share/texlive/texmf-dist/tex/generic/babel/babel.sty
Package: babel 2018/02/14 3.18 The Babel package

(/usr/share/texlive/texmf-dist/tex/generic/babel/switch.def
File: switch.def 2018/02/14 3.18 Babel switching mechanism
)
(/usr/share/texlive/texmf-dist/tex/generic/babel-english/english.ldf
Language: english 2017/06/06 v3.3r English support from the babel system

(/usr/share/texlive/texmf-dist/tex/generic/babel/babel.def
File: babel.def 2018/02/14 3.18 Babel common definitions
\babel@savecnt=\count95
\U@D=\dimen126

(/usr/share/texlive/texmf-dist/tex/generic/babel/txtbabel.def)
\bbl@dirlevel=\count96
)
\l@canadian = a dialect from \language\l@american 
\l@australian = a dialect from \language\l@british 
\l@newzealand = a dialect from \language\l@british 
))
(/usr/share/texlive/texmf-dist/tex/latex/base/inputenc.sty
Package: inputenc 2015/03/17 v1.2c Input encoding file
\inpenc@prehook=\toks16
\inpenc@posthook=\toks17

(/usr/share/texlive/texmf-dist/tex/latex/base/latin1.def
File: latin1.def 2015/03/17 v1.2c Input encoding file
))
(/usr/share/texlive/texmf-dist/tex/latex/hyperref/hyperref.sty
Package: hyperref 2018/02/06 v6.86b Hypertext links for LaTeX

(/usr/share/texlive/texmf-dist/tex/generic/oberdiek/hobsub-hyperref.sty
Package: hobsub-hyperref 2016/05/16 v1.14 Bundle oberdiek, subset hyperref (HO)


(/usr/share/texlive/texmf-dist/tex/generic/oberdiek/hobsub-generic.sty
Package: hobsub-generic 2016/05/16 v1.14 Bundle oberdiek, subset generic (HO)
Package: hobsub 2016/05/16 v1.14 Construct package bundles (HO)
Package: infwarerr 2016/05/16 v1.4 Providing info/warning/error messages (HO)
Package: ltxcmds 2016/05/16 v1.23 LaTeX kernel commands for general use (HO)
Package: ifluatex 2016/05/16 v1.4 Provides the ifluatex switch (HO)
Package ifluatex Info: LuaTeX not detected.
Package hobsub Info: Skipping package `ifvtex' (already loaded).
Package: intcalc 2016/05/16 v1.2 Expandable calculations with integers (HO)
Package hobsub Info: Skipping package `ifpdf' (already loaded).
Package: etexcmds 2016/05/16 v1.6 Avoid name clashes with e-TeX commands (HO)
Package etexcmds Info: Could not find \expanded.
(etexcmds)             That can mean that you are not using pdfTeX 1.50 or
(etexcmds)             that some package has redefined \expanded.
(etexcmds)             In the latter case, load this package earlier.
Package: kvsetkeys 2016/05/16 v1.17 Key value parser (HO)
Package: kvdefinekeys 2016/05/16 v1.4 Define keys (HO)
Package: pdftexcmds 2018/01/21 v0.26 Utility functions of pdfTeX for LuaTeX (HO
)
Package pdftexcmds Info: LuaTeX not detected.
Package pdftexcmds Info: \pdf@primitive is available.
Package pdftexcmds Info: \pdf@ifprimitive is available.
Package pdftexcmds Info: \pdfdraftmode found.
Package: pdfescape 2016/05/16 v1.14 Implements pdfTeX's escape features (HO)
Package: bigintcalc 2016/05/16 v1.4 Expandable calculations on big integers (HO
)
Package: bitset 2016/05/16 v1.2 Handle bit-vector datatype (HO)
Package: uniquecounter 2016/05/16 v1.3 Provide unlimited unique counter (HO)
)
Package hobsub Info: Skipping package `hobsub' (already loaded).
Package: letltxmacro 2016/05/16 v1.5 Let assignment for LaTeX macros (HO)
Package: hopatch 2016/05/16 v1.3 Wrapper for package hooks (HO)
Package: xcolor-patch 2016/05/16 xcolor patch
Package: atveryend 2016/05/16 v1.9 Hooks at the very end of document (HO)
Package atveryend Info: \enddocument detected (standard20110627).
Package: atbegshi 2016/06/09 v1.18 At begin shipout hook (HO)
Package: refcount 2016/05/16 v3.5 Data extraction from label references (HO)
Package: hycolor 2016/05/16 v1.8 Color options for hyperref/bookmark (HO)
)
(/usr/share/texlive/texmf-dist/tex/latex/oberdiek/auxhook.sty
Package: auxhook 2016/05/16 v1.4 Hooks for auxiliary files (HO)
)
(/usr/share/texlive/texmf-dist/tex/latex/oberdiek/kvoptions.sty
Package: kvoptions 2016/05/16 v3.12 Key value format for package options (HO)
)
\@linkdim=\dimen127
\Hy@linkcounter=\count97
\Hy@pagecounter=\count98

(/usr/share/texlive/texmf-dist/tex/latex/hyperref/pd1enc.def
File: pd1enc.def 2018/02/06 v6.86b Hyperref: PDFDocEncoding definition (HO)
)
\Hy@SavedSpaceFactor=\count99

(/usr/share/texlive/texmf-dist/tex/latex/latexconfig/hyperref.cfg
File: hyperref.cfg 2002/06/06 v1.2 hyperref configuration of TeXLive
)
Package hyperref Info: Hyper figures OFF on input line 4509.
Package hyperref Info: Link nesting OFF on input line 4514.
Package hyperref Info: Hyper index ON on input line 4517.
Package hyperref Info: Plain pages OFF on input line 4524.
Package hyperref Info: Backreferencing OFF on input line 4529.
Package hyperref Info: Implicit mode ON; LaTeX internals redefined.
Package hyperref Info: Bookmarks ON on input line 4762.
\c@Hy@tempcnt=\count100
LaTeX Info: Redefining \url on input line 5115.
\XeTeXLinkMargin=\dimen128
\Fld@menulength=\count101
\Field@Width=\dimen129
\Fld@charsize=\dimen130
Package hyperref Info: Hyper figures OFF on input line 6369.
Package hyperref Info: Link nesting OFF on input line 6374.
Package hyperref Info: Hyper index ON on input line 6377.
Package hyperref Info: backreferencing OFF on input line 6384.
Package hyperref Info: Link coloring OFF on input line 6389.
Package hyperref Info: Link coloring with OCG OFF on input line 6394.
Package hyperref Info: PDF/A mode OFF on input line 6399.
LaTeX Info: Redefining \ref on input line 6439.
LaTeX Info: Redefining \pageref on input line 6443.
\Hy@abspage=\count102
\c@Item=\count103
\c@Hfootnote=\count104
)
Package hyperref Info: Driver (autodetected): hpdftex.

(/usr/share/texlive/texmf-dist/tex/latex/hyperref/hpdftex.def
File: hpdftex.def 2018/02/06 v6.86b Hyperref driver for pdfTeX
\Fld@listcount=\count105
\c@bookmark@seq@number=\count106

(/usr/share/texlive/texmf-dist/tex/latex/oberdiek/rerunfilecheck.sty
Package: rerunfilecheck 2016/05/16 v1.8 Rerun checks for auxiliary files (HO)
Package uniquecounter Info: New unique counter `rerunfilecheck' on input line 2
82.
)
\Hy@SectionHShift=\skip43
)
Package hyperref Info: Option `colorlinks' set `true' on input line 15.

(/usr/share/texlive/texmf-dist/tex/latex/mdwtools/mathenv.sty
Package: mathenv 1998/04/28 1.9 Various maths environments

(/usr/share/texlive/texmf-dist/tex/latex/mdwtools/mdwtab.sty
Package: mdwtab 1998/04/28 1.9 Table typesetting with style
\tab@state=\count107
\tab@columns=\count108
\tab@preamble=\toks18
\tab@shortline=\toks19
\extrarowheight=\dimen131
\tabextrasep=\dimen132
\arrayextrasep=\dimen133
\smarraycolsep=\dimen134
\smarrayextrasep=\dimen135
\tab@width=\dimen136
\col@sep=\dimen137
\tab@endheight=\dimen138
\tab@leftskip=\skip44
\tab@rightskip=\skip45
\fn@notes=\box26
\fn@width=\dimen139
)
\eqaopenskip=\skip46
\eqacloseskip=\skip47
\eqacolskip=\skip48
\eqainskip=\skip49
\splitleft=\skip50
\splitright=\skip51
)
(/usr/share/texlive/texmf-dist/tex/latex/amsmath/amsmath.sty
Package: amsmath 2017/09/02 v2.17a AMS math features
\@mathmargin=\skip52

For additional information on amsmath, use the `?' option.
(/usr/share/texlive/texmf-dist/tex/latex/amsmath/amstext.sty
Package: amstext 2000/06/29 v2.01 AMS text

(/usr/share/texlive/texmf-dist/tex/latex/amsmath/amsgen.sty
File: amsgen.sty 1999/11/30 v2.0 generic functions
\@emptytoks=\toks20
\ex@=\dimen140
))
(/usr/share/texlive/texmf-dist/tex/latex/amsmath/amsbsy.sty
Package: amsbsy 1999/11/29 v1.2d Bold Symbols
\pmbraise@=\dimen141
)
(/usr/share/texlive/texmf-dist/tex/latex/amsmath/amsopn.sty
Package: amsopn 2016/03/08 v2.02 operator names
)
\inf@bad=\count109
LaTeX Info: Redefining \frac on input line 213.
\uproot@=\count110
\leftroot@=\count111
LaTeX Info: Redefining \overline on input line 375.
\classnum@=\count112
\DOTSCASE@=\count113
LaTeX Info: Redefining \ldots on input line 472.
LaTeX Info: Redefining \dots on input line 475.
LaTeX Info: Redefining \cdots on input line 596.
\Mathstrutbox@=\box27
\strutbox@=\box28
\big@size=\dimen142
LaTeX Font Info:    Redeclaring font encoding OML on input line 712.
LaTeX Font Info:    Redeclaring font encoding OMS on input line 713.
\macc@depth=\count114
\c@MaxMatrixCols=\count115
\dotsspace@=\muskip11
\c@parentequation=\count116
\dspbrk@lvl=\count117
\tag@help=\toks21
\row@=\count118
\column@=\count119
\maxfields@=\count120
\andhelp@=\toks22
\eqnshift@=\dimen143
\alignsep@=\dimen144
\tagshift@=\dimen145
\tagwidth@=\dimen146
\totwidth@=\dimen147
\lineht@=\dimen148
\@envbody=\toks23
\multlinegap=\skip53
\multlinetaggap=\skip54
\mathdisplay@stack=\toks24
LaTeX Info: Redefining \[ on input line 2817.
LaTeX Info: Redefining \] on input line 2818.
)
(/usr/share/texlive/texmf-dist/tex/latex/graphics/color.sty
Package: color 2016/07/10 v1.1e Standard LaTeX Color (DPC)

(/usr/share/texlive/texmf-dist/tex/latex/graphics-cfg/color.cfg
File: color.cfg 2016/01/02 v1.6 sample color configuration
)
Package color Info: Driver file: pdftex.def on input line 147.
)
(/usr/share/texlive/texmf-dist/tex/latex/caption/caption.sty
Package: caption 2016/02/21 v3.3-144 Customizing captions (AR)

(/usr/share/texlive/texmf-dist/tex/latex/caption/caption3.sty
Package: caption3 2016/05/22 v1.7-166 caption3 kernel (AR)
Package caption3 Info: TeX engine: e-TeX on input line 67.
\captionmargin=\dimen149
\captionmargin@=\dimen150
\captionwidth=\dimen151
\caption@tempdima=\dimen152
\caption@indent=\dimen153
\caption@parindent=\dimen154
\caption@hangindent=\dimen155
)
\c@ContinuedFloat=\count121
Package caption Info: hyperref package is loaded.
)
(/usr/share/texlive/texmf-dist/tex/latex/footmisc/footmisc.sty
Package: footmisc 2011/06/06 v5.5b a miscellany of footnote facilities
\FN@temptoken=\toks25
\footnotemargin=\dimen156
\c@pp@next@reset=\count122
Package footmisc Info: Declaring symbol style bringhurst on input line 855.
Package footmisc Info: Declaring symbol style chicago on input line 863.
Package footmisc Info: Declaring symbol style wiley on input line 872.
Package footmisc Info: Declaring symbol style lamport-robust on input line 883.

Package footmisc Info: Declaring symbol style lamport* on input line 903.
Package footmisc Info: Declaring symbol style lamport*-robust on input line 924
.
)
(/usr/share/texlive/texmf-dist/tex/latex/cancel/cancel.sty
Package: cancel 2013/04/12 v2.2 Cancel math terms
)
(/usr/share/texlive/texmf-dist/tex/latex/multirow/multirow.sty
Package: multirow 2016/11/25 v2.2 Span multiple rows of a table
\multirow@colwidth=\skip55
\multirow@cntb=\count123
\multirow@dima=\skip56
\bigstrutjot=\dimen157
)
(/usr/share/texlive/texmf-dist/tex/latex/appendix/appendix.sty
Package: appendix 2009/09/02 v1.2b extra appendix facilities
\c@@pps=\count124
\c@@ppsavesec=\count125
\c@@ppsaveapp=\count126
)
(/usr/share/texlive/texmf-dist/tex/latex/titlesec/titlesec.sty
Package: titlesec 2016/03/21 v2.10.2 Sectioning titles
\ttl@box=\box29
\beforetitleunit=\skip57
\aftertitleunit=\skip58
\ttl@plus=\dimen158
\ttl@minus=\dimen159
\ttl@toksa=\toks26
\titlewidth=\dimen160
\titlewidthlast=\dimen161
\titlewidthfirst=\dimen162
)
(/usr/share/texlive/texmf-dist/tex/latex/tools/bm.sty
Package: bm 2017/01/16 v1.2c Bold Symbol Support (DPC/FMi)
\symboldoperators=\mathgroup4
\symboldletters=\mathgroup5
\symboldsymbols=\mathgroup6
LaTeX Font Info:    Redeclaring math alphabet \mathbf on input line 141.
LaTeX Info: Redefining \bm on input line 207.
)
(/usr/share/texlive/texmf-dist/tex/latex/mathtools/mathtools.sty
Package: mathtools 2018/01/08 v1.21 mathematical typesetting tools

(/usr/share/texlive/texmf-dist/tex/latex/tools/calc.sty
Package: calc 2014/10/28 v4.3 Infix arithmetic (KKT,FJ)
\calc@Acount=\count127
\calc@Bcount=\count128
\calc@Adimen=\dimen163
\calc@Bdimen=\dimen164
\calc@Askip=\skip59
\calc@Bskip=\skip60
LaTeX Info: Redefining \setlength on input line 80.
LaTeX Info: Redefining \addtolength on input line 81.
\calc@Ccount=\count129
\calc@Cskip=\skip61
)
(/usr/share/texlive/texmf-dist/tex/latex/mathtools/mhsetup.sty
Package: mhsetup 2017/03/31 v1.3 programming setup (MH)
)
LaTeX Info: Thecontrolsequence`\('isalreadyrobust on input line 129.
LaTeX Info: Thecontrolsequence`\)'isalreadyrobust on input line 129.
LaTeX Info: Thecontrolsequence`\['isalreadyrobust on input line 129.
LaTeX Info: Thecontrolsequence`\]'isalreadyrobust on input line 129.
\g_MT_multlinerow_int=\count130
\l_MT_multwidth_dim=\dimen165
\origjot=\skip62
\l_MT_shortvdotswithinadjustabove_dim=\dimen166
\l_MT_shortvdotswithinadjustbelow_dim=\dimen167
\l_MT_above_intertext_sep=\dimen168
\l_MT_below_intertext_sep=\dimen169
\l_MT_above_shortintertext_sep=\dimen170
\l_MT_below_shortintertext_sep=\dimen171
)
(/usr/share/texlive/texmf-dist/tex/latex/subfigure/subfigure.sty
Package: subfigure 2002/03/15 v2.1.5 subfigure package
\subfigtopskip=\skip63
\subfigcapskip=\skip64
\subfigcaptopadj=\dimen172
\subfigbottomskip=\skip65
\subfigcapmargin=\dimen173
\subfiglabelskip=\skip66
\c@subfigure=\count131
\c@lofdepth=\count132
\c@subtable=\count133
\c@lotdepth=\count134

****************************************
* Local config file subfigure.cfg used *
****************************************
(/usr/share/texlive/texmf-dist/tex/latex/subfigure/subfigure.cfg)
\subfig@top=\skip67
\subfig@bottom=\skip68
)
(/usr/share/texlive/texmf-dist/tex/latex/cases/cases.sty
Package: cases 2002/05/02 ver 2.5 
) (./muonSystems.aux)
\openout1 = `muonSystems.aux'.

LaTeX Font Info:    Checking defaults for OML/cmm/m/it on input line 35.
LaTeX Font Info:    ... okay on input line 35.
LaTeX Font Info:    Checking defaults for T1/cmr/m/n on input line 35.
LaTeX Font Info:    ... okay on input line 35.
LaTeX Font Info:    Checking defaults for OT1/cmr/m/n on input line 35.
LaTeX Font Info:    ... okay on input line 35.
LaTeX Font Info:    Checking defaults for OMS/cmsy/m/n on input line 35.
LaTeX Font Info:    ... okay on input line 35.
LaTeX Font Info:    Checking defaults for OMX/cmex/m/n on input line 35.
LaTeX Font Info:    ... okay on input line 35.
LaTeX Font Info:    Checking defaults for U/cmr/m/n on input line 35.
LaTeX Font Info:    ... okay on input line 35.
LaTeX Font Info:    Checking defaults for PD1/pdf/m/n on input line 35.
LaTeX Font Info:    ... okay on input line 35.

*geometry* driver: auto-detecting
*geometry* detected driver: pdftex
*geometry* verbose mode - [ preamble ] result:
* driver: pdftex
* paper: a4paper
* layout: <same size as paper>
* layoutoffset:(h,v)=(0.0pt,0.0pt)
* modes: 
* h-part:(L,W,R)=(56.9055pt, 483.69687pt, 56.9055pt)
* v-part:(T,H,B)=(71.13188pt, 702.78308pt, 71.13188pt)
* \paperwidth=597.50787pt
* \paperheight=845.04684pt
* \textwidth=483.69687pt
* \textheight=702.78308pt
* \oddsidemargin=-15.36449pt
* \evensidemargin=-15.36449pt
* \topmargin=-38.1381pt
* \headheight=12.0pt
* \headsep=25.0pt
* \topskip=11.0pt
* \footskip=30.0pt
* \marginparwidth=50.0pt
* \marginparsep=10.0pt
* \columnsep=10.0pt
* \skip\footins=10.0pt plus 4.0pt minus 2.0pt
* \hoffset=0.0pt
* \voffset=0.0pt
* \mag=1000
* \@twocolumnfalse
* \@twosidefalse
* \@mparswitchfalse
* \@reversemarginfalse
* (1in=72.27pt=25.4mm, 1cm=28.453pt)

(/usr/share/texlive/texmf-dist/tex/context/base/mkii/supp-pdf.mkii
[Loading MPS to PDF converter (version 2006.09.02).]
\scratchcounter=\count135
\scratchdimen=\dimen174
\scratchbox=\box30
\nofMPsegments=\count136
\nofMParguments=\count137
\everyMPshowfont=\toks27
\MPscratchCnt=\count138
\MPscratchDim=\dimen175
\MPnumerator=\count139
\makeMPintoPDFobject=\count140
\everyMPtoPDFconversion=\toks28
) (/usr/share/texlive/texmf-dist/tex/latex/oberdiek/epstopdf-base.sty
Package: epstopdf-base 2016/05/15 v2.6 Base part for package epstopdf

(/usr/share/texlive/texmf-dist/tex/latex/oberdiek/grfext.sty
Package: grfext 2016/05/16 v1.2 Manage graphics extensions (HO)
)
Package epstopdf-base Info: Redefining graphics rule for `.eps' on input line 4
38.
Package grfext Info: Graphics extension search list:
(grfext)             [.pdf,.png,.jpg,.mps,.jpeg,.jbig2,.jb2,.PDF,.PNG,.JPG,.JPE
G,.JBIG2,.JB2,.eps]
(grfext)             \AppendGraphicsExtensions on input line 456.

(/usr/share/texlive/texmf-dist/tex/latex/latexconfig/epstopdf-sys.cfg
File: epstopdf-sys.cfg 2010/07/13 v1.3 Configuration of (r)epstopdf for TeX Liv
e
))
\AtBeginShipoutBox=\box31
Package hyperref Info: Link coloring ON on input line 35.

(/usr/share/texlive/texmf-dist/tex/latex/hyperref/nameref.sty
Package: nameref 2016/05/21 v2.44 Cross-referencing by name of section

(/usr/share/texlive/texmf-dist/tex/generic/oberdiek/gettitlestring.sty
Package: gettitlestring 2016/05/16 v1.5 Cleanup title references (HO)
)
\c@section@level=\count141
)
LaTeX Info: Redefining \ref on input line 35.
LaTeX Info: Redefining \pageref on input line 35.
LaTeX Info: Redefining \nameref on input line 35.

(./muonSystems.out) (./muonSystems.out)
\@outlinefile=\write3
\openout3 = `muonSystems.out'.

Package caption Info: Begin \AtBeginDocument code.
Package caption Info: subfigure package is loaded.
Package caption Info: End \AtBeginDocument code.
<figs/image_UC.png, id=147, 400.49625pt x 401.5pt>
File: figs/image_UC.png Graphic file (type png)
<use figs/image_UC.png>
Package pdftex.def Info: figs/image_UC.png  used on input line 43.
(pdftex.def)             Requested size: 72.55157pt x 72.73248pt.
<figs/muonSystems.png, id=149, 200.75pt x 200.75pt>
File: figs/muonSystems.png Graphic file (type png)
<use figs/muonSystems.png>
Package pdftex.def Info: figs/muonSystems.png  used on input line 43.
(pdftex.def)             Requested size: 72.55157pt x 72.55174pt.


LaTeX Font Warning: Font shape `OT1/cmr/bx/sc' undefined
(Font)              using `OT1/cmr/bx/n' instead on input line 59.

[1

{/var/lib/texmf/fonts/map/pdftex/updmap/pdftex.map} <./figs/image_UC.png> <./fi
gs/muonSystems.png>]pdfTeX warning (ext4): destination with the same identifier
 (name{page.i}) has been already used, duplicate ignored
<to be read again> 
                   \relax 
l.81 \newpage
              [1

]pdfTeX warning (ext4): destination with the same identifier (name{page.i}) has
 been already used, duplicate ignored
<to be read again> 
                   \relax 
l.105 \newpage
               [1] [2] (./muonSystems.toc [3

])
\tf@toc=\write4
\openout4 = `muonSystems.toc'.

 [4]
Chapter 1.
[1

]
Chapter 2.
<figs/SMFermions.png, id=234, 328.3467pt x 269.0853pt>
File: figs/SMFermions.png Graphic file (type png)
<use figs/SMFermions.png>
Package pdftex.def Info: figs/SMFermions.png  used on input line 182.
(pdftex.def)             Requested size: 284.52701pt x 233.31808pt.
[2

]
<figs/cosmic.png, id=254, 1927.2pt x 949.5475pt>
File: figs/cosmic.png Graphic file (type png)
<use figs/cosmic.png>
Package pdftex.def Info: figs/cosmic.png  used on input line 196.
(pdftex.def)             Requested size: 312.97514pt x 170.70833pt.
 [3 <./figs/SMFermions.png (PNG copy)> <./figs/cosmic.png>]
<figs/cosmicMuons.png, id=266, 645.41125pt x 780.9175pt>
File: figs/cosmicMuons.png Graphic file (type png)
<use figs/cosmicMuons.png>
Package pdftex.def Info: figs/cosmicMuons.png  used on input line 206.
(pdftex.def)             Requested size: 241.8415pt x 256.07109pt.
 [4 <./figs/cosmicMuons.png>]
<figs/BB.png, id=283, 997.7275pt x 635.37375pt>
File: figs/BB.png Graphic file (type png)
<use figs/BB.png>
Package pdftex.def Info: figs/BB.png  used on input line 231.
(pdftex.def)             Requested size: 341.43034pt x 227.61945pt.
 [5 <./figs/BB.png>]
<figs/moliere.png, id=299, 1140.26pt x 512.91624pt>
File: figs/moliere.png Graphic file (type png)
<use figs/moliere.png>
Package pdftex.def Info: figs/moliere.png  used on input line 252.
(pdftex.def)             Requested size: 355.65181pt x 165.02876pt.
 [6 <./figs/moliere.png>]
LaTeX Font Info:    Try loading font information for OMS+cmr on input line 268.


(/usr/share/texlive/texmf-dist/tex/latex/base/omscmr.fd
File: omscmr.fd 2014/09/29 v2.5h Standard LaTeX font definitions
)
LaTeX Font Info:    Font shape `OMS/cmr/m/n' in size <10.95> not available
(Font)              Font shape `OMS/cmsy/m/n' tried instead on input line 268.
<figs/wireChambers.png, id=313, 532.99126pt x 426.59375pt>
File: figs/wireChambers.png Graphic file (type png)
<use figs/wireChambers.png>
Package pdftex.def Info: figs/wireChambers.png  used on input line 284.
(pdftex.def)             Requested size: 204.85663pt x 156.48979pt.
 [7 <./figs/wireChambers.png>]
<figs/muonChambers.png, id=322, 986.68625pt x 597.23125pt>
File: figs/muonChambers.png Graphic file (type png)
<use figs/muonChambers.png>
Package pdftex.def Info: figs/muonChambers.png  used on input line 308.
(pdftex.def)             Requested size: 256.0807pt x 170.71388pt.
<figs/muonChambersPhoto.png, id=323, 576.1525pt x 642.4pt>
File: figs/muonChambersPhoto.png Graphic file (type png)
<use figs/muonChambersPhoto.png>
Package pdftex.def Info: figs/muonChambersPhoto.png  used on input line 311.
(pdftex.def)             Requested size: 170.71956pt x 170.7155pt.
 [8 <./figs/muonChambers.png> <./figs/muonChambersPhoto.png>]
<figs/dataFlow.png, id=336, 987.69pt x 658.46pt>
File: figs/dataFlow.png Graphic file (type png)
<use figs/dataFlow.png>
Package pdftex.def Info: figs/dataFlow.png  used on input line 327.
(pdftex.def)             Requested size: 256.06993pt x 199.16718pt.
 [9 <./figs/dataFlow.png>]
Chapter 3.
<figs/PDF.png, id=350, 1816.7875pt x 872.25874pt>
File: figs/PDF.png Graphic file (type png)
<use figs/PDF.png>
Package pdftex.def Info: figs/PDF.png  used on input line 369.
(pdftex.def)             Requested size: 341.42303pt x 153.64578pt.
[10

 <./figs/PDF.png>]
<figs/pdfs.png, id=364, 1105.12875pt x 702.625pt>
File: figs/pdfs.png Graphic file (type png)
<use figs/pdfs.png>
Package pdftex.def Info: figs/pdfs.png  used on input line 388.
(pdftex.def)             Requested size: 327.19057pt x 199.16736pt.
 [11 <./figs/pdfs.png>]
<figs/pvalue.png, id=376, 1081.03876pt x 608.2725pt>
File: figs/pvalue.png Graphic file (type png)
<use figs/pvalue.png>
Package pdftex.def Info: figs/pvalue.png  used on input line 411.
(pdftex.def)             Requested size: 369.87415pt x 199.16197pt.
 [12 <./figs/pvalue.png>]
<figs/kernels.png, id=389, 622.325pt x 471.7625pt>
File: figs/kernels.png Graphic file (type png)
<use figs/kernels.png>
Package pdftex.def Info: figs/kernels.png  used on input line 447.
(pdftex.def)             Requested size: 369.88438pt x 284.52817pt.
 [13]
[14 <./figs/kernels.png>]
<figs/likelihood.png, id=412, 410.53375pt x 403.5075pt>
File: figs/likelihood.png Graphic file (type png)
<use figs/likelihood.png>
Package pdftex.def Info: figs/likelihood.png  used on input line 479.
(pdftex.def)             Requested size: 199.16501pt x 170.71571pt.
<figs/loglikelihood.png, id=413, 421.575pt x 397.485pt>
File: figs/loglikelihood.png Graphic file (type png)
<use figs/loglikelihood.png>
Package pdftex.def Info: figs/loglikelihood.png  used on input line 482.
(pdftex.def)             Requested size: 199.1695pt x 170.72113pt.
 [15 <./figs/likelihood.png> <./figs/loglikelihood.png>]
Chapter 4.
[16

]
<figs/cylinder.png, id=430, 936.49875pt x 679.53876pt>
File: figs/cylinder.png Graphic file (type png)
<use figs/cylinder.png>
Package pdftex.def Info: figs/cylinder.png  used on input line 555.
(pdftex.def)             Requested size: 241.8406pt x 170.71378pt.

Overfull \hbox (4.82649pt too wide) in paragraph at lines 555--556
[][] 
 []

[17 <./figs/cylinder.png>]
<figs/normal.png, id=441, 593.21625pt x 531.9875pt>
File: figs/normal.png Graphic file (type png)
<use figs/normal.png>
Package pdftex.def Info: figs/normal.png  used on input line 613.
(pdftex.def)             Requested size: 199.16542pt x 170.71028pt.
 [18]
<figs/parameters.png, id=450, 795.97375pt x 696.6025pt>
File: figs/parameters.png Graphic file (type png)
<use figs/parameters.png>
Package pdftex.def Info: figs/parameters.png  used on input line 635.
(pdftex.def)             Requested size: 199.16298pt x 170.71693pt.
 [19 <./figs/normal.png> <./figs/parameters.png>] [20] [21]
Chapter 5.
<figs/px2-17p2vs17p2.png, id=477, 698.61pt x 473.77pt>
File: figs/px2-17p2vs17p2.png Graphic file (type png)
<use figs/px2-17p2vs17p2.png>
Package pdftex.def Info: figs/px2-17p2vs17p2.png  used on input line 771.
(pdftex.def)             Requested size: 227.62119pt x 170.71611pt.
<figs/pvx2-17p2vs17p2.png, id=478, 698.61pt x 473.77pt>
File: figs/pvx2-17p2vs17p2.png Graphic file (type png)
<use figs/pvx2-17p2vs17p2.png>
Package pdftex.def Info: figs/pvx2-17p2vs17p2.png  used on input line 771.
(pdftex.def)             Requested size: 227.62119pt x 170.71611pt.
<figs/deltaX-17p2vs17p2.png, id=479, 698.61pt x 473.77pt>
File: figs/deltaX-17p2vs17p2.png Graphic file (type png)
<use figs/deltaX-17p2vs17p2.png>
Package pdftex.def Info: figs/deltaX-17p2vs17p2.png  used on input line 780.
(pdftex.def)             Requested size: 227.62119pt x 170.71611pt.
<figs/deltaY-17p2vs17p2.png, id=480, 698.61pt x 473.77pt>
File: figs/deltaY-17p2vs17p2.png Graphic file (type png)
<use figs/deltaY-17p2vs17p2.png>
Package pdftex.def Info: figs/deltaY-17p2vs17p2.png  used on input line 780.
(pdftex.def)             Requested size: 227.62119pt x 170.71611pt.
<figs/deltaThetaX-17p2vs17p2.png, id=481, 698.61pt x 473.77pt>
File: figs/deltaThetaX-17p2vs17p2.png Graphic file (type png)
<use figs/deltaThetaX-17p2vs17p2.png>
Package pdftex.def Info: figs/deltaThetaX-17p2vs17p2.png  used on input line 78
9.
(pdftex.def)             Requested size: 227.62119pt x 170.71611pt.
<figs/deltaThetaY-17p2vs17p2.png, id=482, 698.61pt x 473.77pt>
File: figs/deltaThetaY-17p2vs17p2.png Graphic file (type png)
<use figs/deltaThetaY-17p2vs17p2.png>
Package pdftex.def Info: figs/deltaThetaY-17p2vs17p2.png  used on input line 78
9.
(pdftex.def)             Requested size: 227.62119pt x 170.71611pt.
[22

] [23 <./figs/px2-17p2vs17p2.png> <./figs/pvx2-17p2vs17p2.png> <./figs/deltaX-1
7p2vs17p2.png> <./figs/deltaY-17p2vs17p2.png> <./figs/deltaThetaX-17p2vs17p2.pn
g> <./figs/deltaThetaY-17p2vs17p2.png>]
<figs/deltaX.png, id=500, 698.61pt x 473.77pt>
File: figs/deltaX.png Graphic file (type png)
<use figs/deltaX.png>
Package pdftex.def Info: figs/deltaX.png  used on input line 835.
(pdftex.def)             Requested size: 227.62119pt x 170.71611pt.
<figs/deltaY.png, id=501, 698.61pt x 473.77pt>
File: figs/deltaY.png Graphic file (type png)
<use figs/deltaY.png>
Package pdftex.def Info: figs/deltaY.png  used on input line 835.
(pdftex.def)             Requested size: 227.62119pt x 170.71611pt.
<figs/deltaThetaX.png, id=502, 698.61pt x 473.77pt>
File: figs/deltaThetaX.png Graphic file (type png)
<use figs/deltaThetaX.png>
Package pdftex.def Info: figs/deltaThetaX.png  used on input line 844.
(pdftex.def)             Requested size: 227.62119pt x 170.71611pt.
<figs/deltaThetaY.png, id=503, 698.61pt x 473.77pt>
File: figs/deltaThetaY.png Graphic file (type png)
<use figs/deltaThetaY.png>
Package pdftex.def Info: figs/deltaThetaY.png  used on input line 844.
(pdftex.def)             Requested size: 227.62119pt x 170.71611pt.
 [24 <./figs/deltaX.png> <./figs/deltaY.png> <./figs/deltaThetaX.png> <./figs/d
eltaThetaY.png>]
<figs/plot_kernely.png, id=513, 1601.985pt x 774.895pt>
File: figs/plot_kernely.png Graphic file (type png)
<use figs/plot_kernely.png>
Package pdftex.def Info: figs/plot_kernely.png  used on input line 862.
(pdftex.def)             Requested size: 455.22604pt x 216.23604pt.
<figs/plot_kernelx.png, id=514, 1601.985pt x 774.895pt>
File: figs/plot_kernelx.png Graphic file (type png)
<use figs/plot_kernelx.png>
Package pdftex.def Info: figs/plot_kernelx.png  used on input line 866.
(pdftex.def)             Requested size: 455.22604pt x 216.23604pt.


LaTeX Warning: Reference `fig:likelihoods3' on page 25 undefined on input line 
876.

<figs/likelihood100LowStat/likelihood16p6.png, id=517, 698.61pt x 473.77pt>
File: figs/likelihood100LowStat/likelihood16p6.png Graphic file (type png)
<use figs/likelihood100LowStat/likelihood16p6.png>
Package pdftex.def Info: figs/likelihood100LowStat/likelihood16p6.png  used on 
input line 881.
(pdftex.def)             Requested size: 170.71855pt x 130.88354pt.

Overfull \hbox (15.93202pt too wide) in paragraph at lines 881--882
[][] 
 []

<figs/likelihood100LowStat/likelihood16p8.png, id=518, 698.61pt x 473.77pt>
File: figs/likelihood100LowStat/likelihood16p8.png Graphic file (type png)
<use figs/likelihood100LowStat/likelihood16p8.png>
Package pdftex.def Info: figs/likelihood100LowStat/likelihood16p8.png  used on 
input line 884.
(pdftex.def)             Requested size: 170.71855pt x 130.88354pt.

Overfull \hbox (15.93202pt too wide) in paragraph at lines 884--885
[][] 
 []

<figs/likelihood100LowStat/likelihood17p0.png, id=519, 698.61pt x 473.77pt>
File: figs/likelihood100LowStat/likelihood17p0.png Graphic file (type png)
<use figs/likelihood100LowStat/likelihood17p0.png>
Package pdftex.def Info: figs/likelihood100LowStat/likelihood17p0.png  used on 
input line 887.
(pdftex.def)             Requested size: 170.71855pt x 130.88354pt.

Overfull \hbox (15.93202pt too wide) in paragraph at lines 887--888
[][] 
 []

<figs/likelihood100LowStat/likelihood17p2.png, id=520, 698.61pt x 473.77pt>
File: figs/likelihood100LowStat/likelihood17p2.png Graphic file (type png)
<use figs/likelihood100LowStat/likelihood17p2.png>
Package pdftex.def Info: figs/likelihood100LowStat/likelihood17p2.png  used on 
input line 891.
(pdftex.def)             Requested size: 170.71855pt x 130.88354pt.

Overfull \hbox (15.93202pt too wide) in paragraph at lines 891--892
[][] 
 []

<figs/likelihood100LowStat/likelihood17p4.png, id=521, 698.61pt x 473.77pt>
File: figs/likelihood100LowStat/likelihood17p4.png Graphic file (type png)
<use figs/likelihood100LowStat/likelihood17p4.png>
Package pdftex.def Info: figs/likelihood100LowStat/likelihood17p4.png  used on 
input line 894.
(pdftex.def)             Requested size: 170.71855pt x 130.88354pt.

Overfull \hbox (15.93202pt too wide) in paragraph at lines 894--895
[][] 
 []

<figs/likelihood100LowStat/likelihood17p6.png, id=522, 698.61pt x 473.77pt>
File: figs/likelihood100LowStat/likelihood17p6.png Graphic file (type png)
<use figs/likelihood100LowStat/likelihood17p6.png>
Package pdftex.def Info: figs/likelihood100LowStat/likelihood17p6.png  used on 
input line 897.
(pdftex.def)             Requested size: 170.71855pt x 130.88354pt.

Overfull \hbox (15.93202pt too wide) in paragraph at lines 897--898
[][] 
 []

<figs/likelihood100LowStat/likelihood17p8.png, id=523, 698.61pt x 473.77pt>
File: figs/likelihood100LowStat/likelihood17p8.png Graphic file (type png)
<use figs/likelihood100LowStat/likelihood17p8.png>
Package pdftex.def Info: figs/likelihood100LowStat/likelihood17p8.png  used on 
input line 901.
(pdftex.def)             Requested size: 170.71855pt x 130.88354pt.

Overfull \hbox (15.93202pt too wide) in paragraph at lines 901--902
[][] 
 []

<figs/likelihood100LowStat/likelihood18p0.png, id=524, 698.61pt x 473.77pt>
File: figs/likelihood100LowStat/likelihood18p0.png Graphic file (type png)
<use figs/likelihood100LowStat/likelihood18p0.png>
Package pdftex.def Info: figs/likelihood100LowStat/likelihood18p0.png  used on 
input line 904.
(pdftex.def)             Requested size: 170.71855pt x 130.88354pt.

Overfull \hbox (15.93202pt too wide) in paragraph at lines 904--905
[][] 
 []

<figs/likelihood100LowStat/likelihood18p2.png, id=525, 698.61pt x 473.77pt>
File: figs/likelihood100LowStat/likelihood18p2.png Graphic file (type png)
<use figs/likelihood100LowStat/likelihood18p2.png>
Package pdftex.def Info: figs/likelihood100LowStat/likelihood18p2.png  used on 
input line 907.
(pdftex.def)             Requested size: 170.71855pt x 130.88354pt.

Overfull \hbox (15.93202pt too wide) in paragraph at lines 907--908
[][] 
 []

<figs/likelihood100LowStat/likelihood18p4.png, id=526, 698.61pt x 473.77pt>
File: figs/likelihood100LowStat/likelihood18p4.png Graphic file (type png)
<use figs/likelihood100LowStat/likelihood18p4.png>
Package pdftex.def Info: figs/likelihood100LowStat/likelihood18p4.png  used on 
input line 911.
(pdftex.def)             Requested size: 170.71855pt x 130.88354pt.

Overfull \hbox (15.93202pt too wide) in paragraph at lines 911--912
[][] 
 []

<figs/likelihood100LowStat/likelihood18p6.png, id=527, 698.61pt x 473.77pt>
File: figs/likelihood100LowStat/likelihood18p6.png Graphic file (type png)
<use figs/likelihood100LowStat/likelihood18p6.png>
Package pdftex.def Info: figs/likelihood100LowStat/likelihood18p6.png  used on 
input line 914.
(pdftex.def)             Requested size: 170.71855pt x 130.88354pt.

Overfull \hbox (15.93202pt too wide) in paragraph at lines 914--915
[][] 
 []

<figs/likelihood100LowStat/likelihood18p8.png, id=528, 698.61pt x 473.77pt>
File: figs/likelihood100LowStat/likelihood18p8.png Graphic file (type png)
<use figs/likelihood100LowStat/likelihood18p8.png>
Package pdftex.def Info: figs/likelihood100LowStat/likelihood18p8.png  used on 
input line 917.
(pdftex.def)             Requested size: 170.71855pt x 130.88354pt.

Overfull \hbox (15.93202pt too wide) in paragraph at lines 917--918
[][] 
 []

<figs/placeholder.png, id=529, 401.5pt x 401.5pt>
File: figs/placeholder.png Graphic file (type png)
<use figs/placeholder.png>
Package pdftex.def Info: figs/placeholder.png  used on input line 926.
(pdftex.def)             Requested size: 170.71794pt x 130.88416pt.

Overfull \hbox (15.93141pt too wide) in paragraph at lines 926--927
[][] 
 []

File: figs/placeholder.png Graphic file (type png)
<use figs/placeholder.png>
Package pdftex.def Info: figs/placeholder.png  used on input line 929.
(pdftex.def)             Requested size: 170.71794pt x 130.88416pt.

Overfull \hbox (15.93141pt too wide) in paragraph at lines 929--930
[][] 
 []

File: figs/placeholder.png Graphic file (type png)
<use figs/placeholder.png>
Package pdftex.def Info: figs/placeholder.png  used on input line 932.
(pdftex.def)             Requested size: 170.71794pt x 130.88416pt.

Overfull \hbox (15.93141pt too wide) in paragraph at lines 932--933
[][] 
 []

File: figs/placeholder.png Graphic file (type png)
<use figs/placeholder.png>
Package pdftex.def Info: figs/placeholder.png  used on input line 936.
(pdftex.def)             Requested size: 170.71794pt x 130.88416pt.

Overfull \hbox (15.93141pt too wide) in paragraph at lines 936--937
[][] 
 []

File: figs/placeholder.png Graphic file (type png)
<use figs/placeholder.png>
Package pdftex.def Info: figs/placeholder.png  used on input line 939.
(pdftex.def)             Requested size: 170.71794pt x 130.88416pt.

Overfull \hbox (15.93141pt too wide) in paragraph at lines 939--940
[][] 
 []

File: figs/placeholder.png Graphic file (type png)
<use figs/placeholder.png>
Package pdftex.def Info: figs/placeholder.png  used on input line 942.
(pdftex.def)             Requested size: 170.71794pt x 130.88416pt.

Overfull \hbox (15.93141pt too wide) in paragraph at lines 942--943
[][] 
 []

File: figs/placeholder.png Graphic file (type png)
<use figs/placeholder.png>
Package pdftex.def Info: figs/placeholder.png  used on input line 946.
(pdftex.def)             Requested size: 170.71794pt x 130.88416pt.

Overfull \hbox (15.93141pt too wide) in paragraph at lines 946--947
[][] 
 []

File: figs/placeholder.png Graphic file (type png)
<use figs/placeholder.png>
Package pdftex.def Info: figs/placeholder.png  used on input line 949.
(pdftex.def)             Requested size: 170.71794pt x 130.88416pt.

Overfull \hbox (15.93141pt too wide) in paragraph at lines 949--950
[][] 
 []

File: figs/placeholder.png Graphic file (type png)
<use figs/placeholder.png>
Package pdftex.def Info: figs/placeholder.png  used on input line 952.
(pdftex.def)             Requested size: 170.71794pt x 130.88416pt.

Overfull \hbox (15.93141pt too wide) in paragraph at lines 952--953
[][] 
 []

File: figs/placeholder.png Graphic file (type png)
<use figs/placeholder.png>
Package pdftex.def Info: figs/placeholder.png  used on input line 956.
(pdftex.def)             Requested size: 170.71794pt x 130.88416pt.

Overfull \hbox (15.93141pt too wide) in paragraph at lines 956--957
[][] 
 []

File: figs/placeholder.png Graphic file (type png)
<use figs/placeholder.png>
Package pdftex.def Info: figs/placeholder.png  used on input line 959.
(pdftex.def)             Requested size: 170.71794pt x 130.88416pt.

Overfull \hbox (15.93141pt too wide) in paragraph at lines 959--960
[][] 
 []

File: figs/placeholder.png Graphic file (type png)
<use figs/placeholder.png>
Package pdftex.def Info: figs/placeholder.png  used on input line 962.
(pdftex.def)             Requested size: 170.71794pt x 130.88416pt.

Overfull \hbox (15.93141pt too wide) in paragraph at lines 962--963
[][] 
 []

<figs/likelihood250LowStat/likelihood16p6.png, id=530, 698.61pt x 473.77pt>
File: figs/likelihood250LowStat/likelihood16p6.png Graphic file (type png)
<use figs/likelihood250LowStat/likelihood16p6.png>
Package pdftex.def Info: figs/likelihood250LowStat/likelihood16p6.png  used on 
input line 971.
(pdftex.def)             Requested size: 170.71855pt x 130.88354pt.

Overfull \hbox (15.93202pt too wide) in paragraph at lines 971--972
[][] 
 []

<figs/likelihood250LowStat/likelihood16p8.png, id=531, 698.61pt x 473.77pt>
File: figs/likelihood250LowStat/likelihood16p8.png Graphic file (type png)
<use figs/likelihood250LowStat/likelihood16p8.png>
Package pdftex.def Info: figs/likelihood250LowStat/likelihood16p8.png  used on 
input line 974.
(pdftex.def)             Requested size: 170.71855pt x 130.88354pt.

Overfull \hbox (15.93202pt too wide) in paragraph at lines 974--975
[][] 
 []

<figs/likelihood250LowStat/likelihood17p0.png, id=532, 698.61pt x 473.77pt>
File: figs/likelihood250LowStat/likelihood17p0.png Graphic file (type png)
<use figs/likelihood250LowStat/likelihood17p0.png>
Package pdftex.def Info: figs/likelihood250LowStat/likelihood17p0.png  used on 
input line 977.
(pdftex.def)             Requested size: 170.71855pt x 130.88354pt.

Overfull \hbox (15.93202pt too wide) in paragraph at lines 977--978
[][] 
 []

<figs/likelihood250LowStat/likelihood17p2.png, id=533, 698.61pt x 473.77pt>
File: figs/likelihood250LowStat/likelihood17p2.png Graphic file (type png)
<use figs/likelihood250LowStat/likelihood17p2.png>
Package pdftex.def Info: figs/likelihood250LowStat/likelihood17p2.png  used on 
input line 981.
(pdftex.def)             Requested size: 170.71855pt x 130.88354pt.

Overfull \hbox (15.93202pt too wide) in paragraph at lines 981--982
[][] 
 []

<figs/likelihood250LowStat/likelihood17p4.png, id=534, 698.61pt x 473.77pt>
File: figs/likelihood250LowStat/likelihood17p4.png Graphic file (type png)
<use figs/likelihood250LowStat/likelihood17p4.png>
Package pdftex.def Info: figs/likelihood250LowStat/likelihood17p4.png  used on 
input line 984.
(pdftex.def)             Requested size: 170.71855pt x 130.88354pt.

Overfull \hbox (15.93202pt too wide) in paragraph at lines 984--985
[][] 
 []

File: figs/placeholder.png Graphic file (type png)
<use figs/placeholder.png>
Package pdftex.def Info: figs/placeholder.png  used on input line 987.
(pdftex.def)             Requested size: 170.71794pt x 130.88416pt.

Overfull \hbox (15.93141pt too wide) in paragraph at lines 987--988
[][] 
 []

File: figs/placeholder.png Graphic file (type png)
<use figs/placeholder.png>
Package pdftex.def Info: figs/placeholder.png  used on input line 991.
(pdftex.def)             Requested size: 170.71794pt x 130.88416pt.

Overfull \hbox (15.93141pt too wide) in paragraph at lines 991--992
[][] 
 []

<figs/likelihood250LowStat/likelihood18p0.png, id=535, 698.61pt x 473.77pt>
File: figs/likelihood250LowStat/likelihood18p0.png Graphic file (type png)
<use figs/likelihood250LowStat/likelihood18p0.png>
Package pdftex.def Info: figs/likelihood250LowStat/likelihood18p0.png  used on 
input line 994.
(pdftex.def)             Requested size: 170.71855pt x 130.88354pt.

Overfull \hbox (15.93202pt too wide) in paragraph at lines 994--995
[][] 
 []

<figs/likelihood250LowStat/likelihood18p2.png, id=536, 698.61pt x 473.77pt>
File: figs/likelihood250LowStat/likelihood18p2.png Graphic file (type png)
<use figs/likelihood250LowStat/likelihood18p2.png>
Package pdftex.def Info: figs/likelihood250LowStat/likelihood18p2.png  used on 
input line 997.
(pdftex.def)             Requested size: 170.71855pt x 130.88354pt.

Overfull \hbox (15.93202pt too wide) in paragraph at lines 997--998
[][] 
 []

File: figs/placeholder.png Graphic file (type png)
<use figs/placeholder.png>
Package pdftex.def Info: figs/placeholder.png  used on input line 1001.
(pdftex.def)             Requested size: 170.71794pt x 130.88416pt.

Overfull \hbox (15.93141pt too wide) in paragraph at lines 1001--1002
[][] 
 []

File: figs/placeholder.png Graphic file (type png)
<use figs/placeholder.png>
Package pdftex.def Info: figs/placeholder.png  used on input line 1004.
(pdftex.def)             Requested size: 170.71794pt x 130.88416pt.

Overfull \hbox (15.93141pt too wide) in paragraph at lines 1004--1005
[][] 
 []

<figs/likelihood250LowStat/likelihood18p8.png, id=537, 698.61pt x 473.77pt>
File: figs/likelihood250LowStat/likelihood18p8.png Graphic file (type png)
<use figs/likelihood250LowStat/likelihood18p8.png>
Package pdftex.def Info: figs/likelihood250LowStat/likelihood18p8.png  used on 
input line 1007.
(pdftex.def)             Requested size: 170.71855pt x 130.88354pt.

Overfull \hbox (15.93202pt too wide) in paragraph at lines 1007--1008
[][] 
 []

[25] [26 <./figs/plot_kernely.png> <./figs/plot_kernelx.png>] [27 <./figs/likel
ihood100LowStat/likelihood16p6.png> <./figs/likelihood100LowStat/likelihood16p8
.png> <./figs/likelihood100LowStat/likelihood17p0.png> <./figs/likelihood100Low
Stat/likelihood17p2.png> <./figs/likelihood100LowStat/likelihood17p4.png> <./fi
gs/likelihood100LowStat/likelihood17p6.png> <./figs/likelihood100LowStat/likeli
hood17p8.png> <./figs/likelihood100LowStat/likelihood18p0.png> <./figs/likeliho
od100LowStat/likelihood18p2.png> <./figs/likelihood100LowStat/likelihood18p4.pn
g> <./figs/likelihood100LowStat/likelihood18p6.png> <./figs/likelihood100LowSta
t/likelihood18p8.png>] [28 <./figs/placeholder.png>] [29 <./figs/likelihood250L
owStat/likelihood16p6.png> <./figs/likelihood250LowStat/likelihood16p8.png> <./
figs/likelihood250LowStat/likelihood17p0.png> <./figs/likelihood250LowStat/like
lihood17p2.png> <./figs/likelihood250LowStat/likelihood17p4.png> <./figs/likeli
hood250LowStat/likelihood18p0.png> <./figs/likelihood250LowStat/likelihood18p2.
png> <./figs/likelihood250LowStat/likelihood18p8.png>]
Chapter 6.
[30

] [31]
Package atveryend Info: Empty hook `BeforeClearDocument' on input line 1129.
 [32

]
Package atveryend Info: Empty hook `AfterLastShipout' on input line 1129.
 (./muonSystems.aux)
Package atveryend Info: Executing hook `AtVeryEndDocument' on input line 1129.
Package atveryend Info: Executing hook `AtEndAfterFileList' on input line 1129.

Package rerunfilecheck Info: File `muonSystems.out' has not changed.
(rerunfilecheck)             Checksum: F71212D4757B1BFDF47F83F8D738DE9B;2305.


LaTeX Font Warning: Some font shapes were not available, defaults substituted.


LaTeX Warning: There were undefined references.


LaTeX Warning: Label(s) may have changed. Rerun to get cross-references right.

Package atveryend Info: Empty hook `AtVeryVeryEnd' on input line 1129.
 ) 
Here is how much of TeX's memory you used:
 9951 strings out of 494880
 151978 string characters out of 6179601
 260415 words of memory out of 5000000
 12943 multiletter control sequences out of 15000+600000
 16695 words of font info for 58 fonts, out of 8000000 for 9000
 36 hyphenation exceptions out of 8191
 36i,11n,43p,970b,458s stack positions out of 5000i,500n,10000p,200000b,80000s
</usr/share/texlive/texmf-dist/fonts/type1/public/amsfonts/cm/cmbx10.pfb></us
r/share/texlive/texmf-dist/fonts/type1/public/amsfonts/cm/cmbx12.pfb></usr/shar
e/texlive/texmf-dist/fonts/type1/public/amsfonts/cm/cmcsc10.pfb></usr/share/tex
live/texmf-dist/fonts/type1/public/amsfonts/cm/cmex10.pfb></usr/share/texlive/t
exmf-dist/fonts/type1/public/amsfonts/cm/cmmi10.pfb></usr/share/texlive/texmf-d
ist/fonts/type1/public/amsfonts/cm/cmmi6.pfb></usr/share/texlive/texmf-dist/fon
ts/type1/public/amsfonts/cm/cmmi8.pfb></usr/share/texlive/texmf-dist/fonts/type
1/public/amsfonts/cm/cmmi9.pfb></usr/share/texlive/texmf-dist/fonts/type1/publi
c/amsfonts/cm/cmmib10.pfb></usr/share/texlive/texmf-dist/fonts/type1/public/ams
fonts/cmextra/cmmib8.pfb></usr/share/texlive/texmf-dist/fonts/type1/public/amsf
onts/cm/cmr10.pfb></usr/share/texlive/texmf-dist/fonts/type1/public/amsfonts/cm
/cmr12.pfb></usr/share/texlive/texmf-dist/fonts/type1/public/amsfonts/cm/cmr17.
pfb></usr/share/texlive/texmf-dist/fonts/type1/public/amsfonts/cm/cmr6.pfb></us
r/share/texlive/texmf-dist/fonts/type1/public/amsfonts/cm/cmr8.pfb></usr/share/
texlive/texmf-dist/fonts/type1/public/amsfonts/cm/cmr9.pfb></usr/share/texlive/
texmf-dist/fonts/type1/public/amsfonts/cm/cmsy10.pfb></usr/share/texlive/texmf-
dist/fonts/type1/public/amsfonts/cm/cmsy6.pfb></usr/share/texlive/texmf-dist/fo
nts/type1/public/amsfonts/cm/cmsy8.pfb></usr/share/texlive/texmf-dist/fonts/typ
e1/public/amsfonts/cm/cmti10.pfb>
Output written on muonSystems.pdf (38 pages, 2230623 bytes).
PDF statistics:
 704 PDF objects out of 1000 (max. 8388607)
 563 compressed objects within 6 object streams
 135 named destinations out of 1000 (max. 500000)
 554 words of extra memory for PDF output out of 10000 (max. 10000000)

